::1 - - [10/Aug/2020:01:59:53 +0000] "GET / HTTP/1.1" 404 9 "http://localhost:3000/" "Mozilla/5.0 (Windows NT 10.0; Win64; x64) AppleWebKit/537.36 (KHTML, like Gecko) Chrome/84.0.4147.105 Safari/537.36"
::1 - - [10/Aug/2020:01:59:53 +0000] "GET /favicon.ico HTTP/1.1" 404 150 "http://localhost:3000/" "Mozilla/5.0 (Windows NT 10.0; Win64; x64) AppleWebKit/537.36 (KHTML, like Gecko) Chrome/84.0.4147.105 Safari/537.36"
::1 - - [10/Aug/2020:01:59:54 +0000] "GET / HTTP/1.1" 404 9 "http://localhost:3000/" "Mozilla/5.0 (Windows NT 10.0; Win64; x64) AppleWebKit/537.36 (KHTML, like Gecko) Chrome/84.0.4147.105 Safari/537.36"
::1 - - [10/Aug/2020:01:59:56 +0000] "GET / HTTP/1.1" 404 9 "http://localhost:3000/" "Mozilla/5.0 (Windows NT 10.0; Win64; x64) AppleWebKit/537.36 (KHTML, like Gecko) Chrome/84.0.4147.105 Safari/537.36"
::1 - - [10/Aug/2020:02:00:00 +0000] "GET / HTTP/1.1" 404 9 "http://localhost:3000/" "Mozilla/5.0 (Windows NT 10.0; Win64; x64) AppleWebKit/537.36 (KHTML, like Gecko) Chrome/84.0.4147.105 Safari/537.36"
::1 - - [10/Aug/2020:02:00:01 +0000] "GET / HTTP/1.1" 404 9 "http://localhost:3000/" "Mozilla/5.0 (Windows NT 10.0; Win64; x64) AppleWebKit/537.36 (KHTML, like Gecko) Chrome/84.0.4147.105 Safari/537.36"
::1 - - [10/Aug/2020:02:00:01 +0000] "GET / HTTP/1.1" 404 9 "http://localhost:3000/" "Mozilla/5.0 (Windows NT 10.0; Win64; x64) AppleWebKit/537.36 (KHTML, like Gecko) Chrome/84.0.4147.105 Safari/537.36"
::1 - - [10/Aug/2020:02:00:01 +0000] "GET / HTTP/1.1" 404 9 "http://localhost:3000/" "Mozilla/5.0 (Windows NT 10.0; Win64; x64) AppleWebKit/537.36 (KHTML, like Gecko) Chrome/84.0.4147.105 Safari/537.36"
::1 - - [10/Aug/2020:02:02:36 +0000] "GET / HTTP/1.1" 404 9 "http://localhost:3000/" "Mozilla/5.0 (Windows NT 10.0; Win64; x64) AppleWebKit/537.36 (KHTML, like Gecko) Chrome/84.0.4147.105 Safari/537.36"
::1 - - [10/Aug/2020:02:02:37 +0000] "GET / HTTP/1.1" 404 9 "http://localhost:3000/" "Mozilla/5.0 (Windows NT 10.0; Win64; x64) AppleWebKit/537.36 (KHTML, like Gecko) Chrome/84.0.4147.105 Safari/537.36"
::1 - - [10/Aug/2020:02:02:38 +0000] "GET / HTTP/1.1" 404 9 "http://localhost:3000/" "Mozilla/5.0 (Windows NT 10.0; Win64; x64) AppleWebKit/537.36 (KHTML, like Gecko) Chrome/84.0.4147.105 Safari/537.36"
::1 - - [10/Aug/2020:02:02:38 +0000] "GET / HTTP/1.1" 404 9 "http://localhost:3000/" "Mozilla/5.0 (Windows NT 10.0; Win64; x64) AppleWebKit/537.36 (KHTML, like Gecko) Chrome/84.0.4147.105 Safari/537.36"
::1 - - [10/Aug/2020:02:03:35 +0000] "GET / HTTP/1.1" 404 9 "http://localhost:3000/" "Mozilla/5.0 (Windows NT 10.0; Win64; x64) AppleWebKit/537.36 (KHTML, like Gecko) Chrome/84.0.4147.105 Safari/537.36"
::1 - - [10/Aug/2020:02:17:09 +0000] "GET /crawler HTTP/1.1" 404 146 "-" "Mozilla/5.0 (Windows NT 10.0; Win64; x64) AppleWebKit/537.36 (KHTML, like Gecko) Chrome/84.0.4147.105 Safari/537.36"
::1 - - [10/Aug/2020:04:05:21 +0000] "POST /webhook HTTP/1.1" 500 - "-" "LineBotWebhook/1.0"
::1 - - [10/Aug/2020:04:34:54 +0000] "POST /webhook HTTP/1.1" 500 - "-" "LineBotWebhook/1.0"
::1 - - [10/Aug/2020:06:48:16 +0000] "POST /webhook HTTP/1.1" 500 - "-" "LineBotWebhook/1.0"
::1 - - [10/Aug/2020:06:50:17 +0000] "POST /webhook HTTP/1.1" 500 - "-" "LineBotWebhook/1.0"
::1 - - [11/Aug/2020:01:07:35 +0000] "GET /favicon.ico HTTP/1.1" 404 150 "http://localhost:3000/" "Mozilla/5.0 (Windows NT 10.0; Win64; x64) AppleWebKit/537.36 (KHTML, like Gecko) Chrome/84.0.4147.105 Safari/537.36"
::1 - - [11/Aug/2020:02:42:04 +0000] "POST /webhook HTTP/1.1" 500 - "-" "LineBotWebhook/1.0"
::1 - - [12/Aug/2020:01:07:37 +0000] "GET /favicon.ico HTTP/1.1" 404 150 "http://localhost:3000/" "Mozilla/5.0 (Windows NT 10.0; Win64; x64) AppleWebKit/537.36 (KHTML, like Gecko) Chrome/84.0.4147.125 Safari/537.36"
::1 - - [12/Aug/2020:06:47:47 +0000] "GET /test HTTP/1.1" 404 143 "-" "Mozilla/5.0 (Windows NT 10.0; Win64; x64) AppleWebKit/537.36 (KHTML, like Gecko) Chrome/84.0.4147.125 Safari/537.36"
::1 - - [12/Aug/2020:06:48:07 +0000] "GET /test HTTP/1.1" 404 143 "-" "Mozilla/5.0 (Windows NT 10.0; Win64; x64) AppleWebKit/537.36 (KHTML, like Gecko) Chrome/84.0.4147.125 Safari/537.36"
::1 - - [12/Aug/2020:10:38:50 +0000] "GET /favicon.ico HTTP/1.1" 404 150 "http://localhost:3000/" "Mozilla/5.0 (Windows NT 10.0; Win64; x64) AppleWebKit/537.36 (KHTML, like Gecko) Chrome/84.0.4147.125 Safari/537.36"
::1 - - [13/Aug/2020:01:32:52 +0000] "GET /favicon.ico HTTP/1.1" 404 150 "http://localhost:3000/" "Mozilla/5.0 (Windows NT 10.0; Win64; x64) AppleWebKit/537.36 (KHTML, like Gecko) Chrome/84.0.4147.125 Safari/537.36"
::1 - - [13/Aug/2020:03:39:25 +0000] "GET /favicon.ico HTTP/1.1" 404 150 "http://localhost:3000/" "Mozilla/5.0 (Windows NT 10.0; Win64; x64) AppleWebKit/537.36 (KHTML, like Gecko) Chrome/84.0.4147.125 Safari/537.36"
::1 - - [13/Aug/2020:06:58:09 +0000] "GET / HTTP/1.1" 500 1553 "-" "Mozilla/5.0 (Windows NT 10.0; Win64; x64) AppleWebKit/537.36 (KHTML, like Gecko) Chrome/84.0.4147.125 Safari/537.36"
::1 - - [13/Aug/2020:06:58:29 +0000] "GET / HTTP/1.1" 500 1478 "-" "Mozilla/5.0 (Windows NT 10.0; Win64; x64) AppleWebKit/537.36 (KHTML, like Gecko) Chrome/84.0.4147.125 Safari/537.36"
::1 - - [13/Aug/2020:06:58:30 +0000] "GET / HTTP/1.1" 500 1478 "-" "Mozilla/5.0 (Windows NT 10.0; Win64; x64) AppleWebKit/537.36 (KHTML, like Gecko) Chrome/84.0.4147.125 Safari/537.36"
::1 - - [13/Aug/2020:06:58:32 +0000] "GET / HTTP/1.1" 500 1478 "-" "Mozilla/5.0 (Windows NT 10.0; Win64; x64) AppleWebKit/537.36 (KHTML, like Gecko) Chrome/84.0.4147.125 Safari/537.36"
::1 - - [13/Aug/2020:07:00:23 +0000] "GET /socket.io/?EIO=3&transport=polling&t=NFcdgNL HTTP/1.1" 404 149 "http://localhost:3000/" "Mozilla/5.0 (Windows NT 10.0; Win64; x64) AppleWebKit/537.36 (KHTML, like Gecko) Chrome/84.0.4147.125 Safari/537.36"
::1 - - [13/Aug/2020:07:00:24 +0000] "GET /socket.io/?EIO=3&transport=polling&t=NFcdgcw HTTP/1.1" 404 149 "http://localhost:3000/" "Mozilla/5.0 (Windows NT 10.0; Win64; x64) AppleWebKit/537.36 (KHTML, like Gecko) Chrome/84.0.4147.125 Safari/537.36"
::1 - - [13/Aug/2020:07:00:26 +0000] "GET /socket.io/?EIO=3&transport=polling&t=NFcdgyJ HTTP/1.1" 404 149 "http://localhost:3000/" "Mozilla/5.0 (Windows NT 10.0; Win64; x64) AppleWebKit/537.36 (KHTML, like Gecko) Chrome/84.0.4147.125 Safari/537.36"
::1 - - [13/Aug/2020:07:00:29 +0000] "GET /socket.io/?EIO=3&transport=polling&t=NFcdhvU HTTP/1.1" 404 149 "http://localhost:3000/" "Mozilla/5.0 (Windows NT 10.0; Win64; x64) AppleWebKit/537.36 (KHTML, like Gecko) Chrome/84.0.4147.125 Safari/537.36"
::1 - - [13/Aug/2020:07:00:34 +0000] "GET /socket.io/?EIO=3&transport=polling&t=NFcdj7_ HTTP/1.1" 404 149 "http://localhost:3000/" "Mozilla/5.0 (Windows NT 10.0; Win64; x64) AppleWebKit/537.36 (KHTML, like Gecko) Chrome/84.0.4147.125 Safari/537.36"
::1 - - [13/Aug/2020:07:00:39 +0000] "GET /socket.io/?EIO=3&transport=polling&t=NFcdkMQ HTTP/1.1" 404 149 "http://localhost:3000/" "Mozilla/5.0 (Windows NT 10.0; Win64; x64) AppleWebKit/537.36 (KHTML, like Gecko) Chrome/84.0.4147.125 Safari/537.36"
::1 - - [13/Aug/2020:07:00:43 +0000] "GET /socket.io/?EIO=3&transport=polling&t=NFcdlBl HTTP/1.1" 404 149 "http://localhost:3000/" "Mozilla/5.0 (Windows NT 10.0; Win64; x64) AppleWebKit/537.36 (KHTML, like Gecko) Chrome/84.0.4147.125 Safari/537.36"
::1 - - [13/Aug/2020:07:00:44 +0000] "GET /socket.io/?EIO=3&transport=polling&t=NFcdlT_ HTTP/1.1" 404 149 "http://localhost:3000/" "Mozilla/5.0 (Windows NT 10.0; Win64; x64) AppleWebKit/537.36 (KHTML, like Gecko) Chrome/84.0.4147.125 Safari/537.36"
::1 - - [13/Aug/2020:07:00:47 +0000] "GET /socket.io/?EIO=3&transport=polling&t=NFcdm5b HTTP/1.1" 404 149 "http://localhost:3000/" "Mozilla/5.0 (Windows NT 10.0; Win64; x64) AppleWebKit/537.36 (KHTML, like Gecko) Chrome/84.0.4147.125 Safari/537.36"
::1 - - [13/Aug/2020:07:00:51 +0000] "GET /socket.io/?EIO=3&transport=polling&t=NFcdnF0 HTTP/1.1" 404 149 "http://localhost:3000/" "Mozilla/5.0 (Windows NT 10.0; Win64; x64) AppleWebKit/537.36 (KHTML, like Gecko) Chrome/84.0.4147.125 Safari/537.36"
::1 - - [13/Aug/2020:07:00:56 +0000] "GET /socket.io/?EIO=3&transport=polling&t=NFcdoTV HTTP/1.1" 404 149 "http://localhost:3000/" "Mozilla/5.0 (Windows NT 10.0; Win64; x64) AppleWebKit/537.36 (KHTML, like Gecko) Chrome/84.0.4147.125 Safari/537.36"
::1 - - [13/Aug/2020:07:01:01 +0000] "GET /socket.io/?EIO=3&transport=polling&t=NFcdpi0 HTTP/1.1" 404 149 "http://localhost:3000/" "Mozilla/5.0 (Windows NT 10.0; Win64; x64) AppleWebKit/537.36 (KHTML, like Gecko) Chrome/84.0.4147.125 Safari/537.36"
::1 - - [13/Aug/2020:07:06:06 +0000] "GET /socket.io/?EIO=3&transport=polling&t=NFcezlv HTTP/1.1" 404 149 "http://localhost:3000/" "Mozilla/5.0 (Windows NT 10.0; Win64; x64) AppleWebKit/537.36 (KHTML, like Gecko) Chrome/84.0.4147.125 Safari/537.36"
::1 - - [13/Aug/2020:07:06:09 +0000] "GET /socket.io/?EIO=3&transport=polling&t=NFce-ps HTTP/1.1" 404 149 "http://localhost:3000/" "Mozilla/5.0 (Windows NT 10.0; Win64; x64) AppleWebKit/537.36 (KHTML, like Gecko) Chrome/84.0.4147.125 Safari/537.36"
::1 - - [13/Aug/2020:07:06:10 +0000] "GET /socket.io/?EIO=3&transport=polling&t=NFce_92 HTTP/1.1" 404 149 "http://localhost:3000/" "Mozilla/5.0 (Windows NT 10.0; Win64; x64) AppleWebKit/537.36 (KHTML, like Gecko) Chrome/84.0.4147.125 Safari/537.36"
::1 - - [13/Aug/2020:07:06:11 +0000] "GET /socket.io/?EIO=3&transport=polling&t=NFce_Mr HTTP/1.1" 404 149 "http://localhost:3000/" "Mozilla/5.0 (Windows NT 10.0; Win64; x64) AppleWebKit/537.36 (KHTML, like Gecko) Chrome/84.0.4147.125 Safari/537.36"
::1 - - [13/Aug/2020:07:06:12 +0000] "GET /socket.io/?EIO=3&transport=polling&t=NFce_b5 HTTP/1.1" 404 149 "http://localhost:3000/" "Mozilla/5.0 (Windows NT 10.0; Win64; x64) AppleWebKit/537.36 (KHTML, like Gecko) Chrome/84.0.4147.125 Safari/537.36"
::1 - - [13/Aug/2020:07:06:13 +0000] "GET /socket.io/?EIO=3&transport=polling&t=NFce_ti HTTP/1.1" 404 149 "http://localhost:3000/" "Mozilla/5.0 (Windows NT 10.0; Win64; x64) AppleWebKit/537.36 (KHTML, like Gecko) Chrome/84.0.4147.125 Safari/537.36"
::1 - - [13/Aug/2020:07:14:54 +0000] "GET /socket.io/?EIO=3&transport=polling&t=NFcg-vX HTTP/1.1" 404 149 "http://localhost:3000/" "Mozilla/5.0 (Windows NT 10.0; Win64; x64) AppleWebKit/537.36 (KHTML, like Gecko) Chrome/84.0.4147.125 Safari/537.36"
::1 - - [13/Aug/2020:07:14:54 +0000] "GET /socket.io/?EIO=3&transport=polling&t=NFcg_3R HTTP/1.1" 404 149 "http://localhost:3000/" "Mozilla/5.0 (Windows NT 10.0; Win64; x64) AppleWebKit/537.36 (KHTML, like Gecko) Chrome/84.0.4147.125 Safari/537.36"
::1 - - [13/Aug/2020:07:14:56 +0000] "GET /socket.io/?EIO=3&transport=polling&t=NFcg_Qq HTTP/1.1" 404 149 "http://localhost:3000/" "Mozilla/5.0 (Windows NT 10.0; Win64; x64) AppleWebKit/537.36 (KHTML, like Gecko) Chrome/84.0.4147.125 Safari/537.36"
::1 - - [13/Aug/2020:07:14:58 +0000] "GET /socket.io/?EIO=3&transport=polling&t=NFch02a HTTP/1.1" 404 149 "http://localhost:3000/" "Mozilla/5.0 (Windows NT 10.0; Win64; x64) AppleWebKit/537.36 (KHTML, like Gecko) Chrome/84.0.4147.125 Safari/537.36"
::1 - - [13/Aug/2020:07:15:03 +0000] "GET /socket.io/?EIO=3&transport=polling&t=NFch14g HTTP/1.1" 404 149 "http://localhost:3000/" "Mozilla/5.0 (Windows NT 10.0; Win64; x64) AppleWebKit/537.36 (KHTML, like Gecko) Chrome/84.0.4147.125 Safari/537.36"
::1 - - [13/Aug/2020:07:15:08 +0000] "GET /socket.io/?EIO=3&transport=polling&t=NFch2J8 HTTP/1.1" 404 149 "http://localhost:3000/" "Mozilla/5.0 (Windows NT 10.0; Win64; x64) AppleWebKit/537.36 (KHTML, like Gecko) Chrome/84.0.4147.125 Safari/537.36"
::1 - - [13/Aug/2020:07:15:13 +0000] "GET /socket.io/?EIO=3&transport=polling&t=NFch3Xh HTTP/1.1" 404 149 "http://localhost:3000/" "Mozilla/5.0 (Windows NT 10.0; Win64; x64) AppleWebKit/537.36 (KHTML, like Gecko) Chrome/84.0.4147.125 Safari/537.36"
::1 - - [13/Aug/2020:07:15:18 +0000] "GET /socket.io/?EIO=3&transport=polling&t=NFch4l- HTTP/1.1" 404 149 "http://localhost:3000/" "Mozilla/5.0 (Windows NT 10.0; Win64; x64) AppleWebKit/537.36 (KHTML, like Gecko) Chrome/84.0.4147.125 Safari/537.36"
::1 - - [13/Aug/2020:07:15:23 +0000] "GET /socket.io/?EIO=3&transport=polling&t=NFch5-T HTTP/1.1" 404 149 "http://localhost:3000/" "Mozilla/5.0 (Windows NT 10.0; Win64; x64) AppleWebKit/537.36 (KHTML, like Gecko) Chrome/84.0.4147.125 Safari/537.36"
